2023-04-27 20:56:27 [httpLog] {"method":"GET","url":"/","data":{},"startTime":"2023-04-27 20:56:27","endTime":"2023-04-27 20:56:27","timeLength":7}
2023-04-27 21:21:49 [httpLog] {"method":"GET","url":"/newApplication","data":{},"startTime":"2023-04-27 21:21:49","endTime":"2023-04-27 21:21:49","timeLength":3}
2023-04-27 21:23:15 [httpLog] {"method":"GET","url":"/newApplication","data":{},"startTime":"2023-04-27 21:23:15","endTime":"2023-04-27 21:23:15","timeLength":17}
2023-04-27 21:23:28 [httpLog] {"method":"GET","url":"/newApplication","data":{},"startTime":"2023-04-27 21:23:28","endTime":"2023-04-27 21:23:28","timeLength":8}
2023-04-27 21:25:50 [httpLog] {"method":"GET","url":"/newApplication","data":{},"startTime":"2023-04-27 21:25:50","endTime":"2023-04-27 21:25:50","timeLength":13}
2023-04-27 21:31:21 [httpLog] {"method":"POST","url":"/newContext","data":{"name":"qwert","pwd":"123"},"startTime":"2023-04-27 21:31:21","endTime":"2023-04-27 21:31:21","timeLength":4}
2023-04-27 21:31:27 [httpLog] {"method":"POST","url":"/newContext","data":{"name":"qwert","pwd":"123"},"startTime":"2023-04-27 21:31:27","endTime":"2023-04-27 21:31:27","timeLength":1}
2023-04-27 21:31:43 [httpLog] {"method":"POST","url":"/newContext","data":{"name":"qwert","pwd":"123"},"startTime":"2023-04-27 21:31:43","endTime":"2023-04-27 21:31:43","timeLength":1}
2023-04-27 21:32:09 [httpLog] {"method":"POST","url":"/newContext","data":{"id":"222","pwd":"123"},"startTime":"2023-04-27 21:32:09","endTime":"2023-04-27 21:32:09","timeLength":4}
2023-04-27 21:49:26 [httpLog] {"method":"GET","url":"/newRequest","data":{},"startTime":"2023-04-27 21:49:26","endTime":"2023-04-27 21:49:26","timeLength":2}
2023-04-27 21:50:22 [httpLog] {"method":"POST","url":"/newRequest","data":{"id":"222","pwd":"123"},"startTime":"2023-04-27 21:50:22","endTime":"2023-04-27 21:50:22","timeLength":6}
2023-04-27 21:51:37 [httpLog] {"method":"POST","url":"/newRequest","data":{"id":"222","pwd":"123"},"startTime":"2023-04-27 21:51:37","endTime":"2023-04-27 21:51:37","timeLength":7}
2023-04-27 21:52:05 [httpLog] {"method":"POST","url":"/newRequest","data":{"id":"222","pwd":"123"},"startTime":"2023-04-27 21:52:05","endTime":"2023-04-27 21:52:05","timeLength":4}
2023-04-27 21:53:03 [httpLog] {"method":"GET","url":"/newRequest","data":{},"startTime":"2023-04-27 21:53:03","endTime":"2023-04-27 21:53:03","timeLength":0}
2023-04-27 21:53:06 [httpLog] {"method":"POST","url":"/newRequest","data":{"id":"222","pwd":"123"},"startTime":"2023-04-27 21:53:06","endTime":"2023-04-27 21:53:06","timeLength":3}
2023-04-27 21:53:07 [httpLog] {"method":"POST","url":"/newRequest","data":{"id":"222","pwd":"123"},"startTime":"2023-04-27 21:53:07","endTime":"2023-04-27 21:53:07","timeLength":1}
2023-04-27 21:53:48 [httpLog] {"method":"POST","url":"/newRequest","data":{"id":"222","pwd":"123"},"startTime":"2023-04-27 21:53:48","endTime":"2023-04-27 21:53:48","timeLength":6}
2023-04-27 21:59:35 [httpLog] {"method":"GET","url":"/newResponse","data":{},"startTime":"2023-04-27 21:59:35","endTime":"2023-04-27 21:59:35","timeLength":2}
2023-04-27 22:00:20 [httpLog] {"method":"GET","url":"/newResponse","data":{},"startTime":"2023-04-27 22:00:20","endTime":"2023-04-27 22:00:20","timeLength":3}
2023-04-27 22:00:50 [httpLog] {"method":"GET","url":"/newResponse","data":{},"startTime":"2023-04-27 22:00:50","endTime":"2023-04-27 22:00:50","timeLength":2}
2023-04-27 22:00:55 [httpLog] {"method":"GET","url":"/newResponse","data":{},"startTime":"2023-04-27 22:00:55","endTime":"2023-04-27 22:00:55","timeLength":6}
2023-04-27 22:00:57 [httpLog] {"method":"GET","url":"/newResponse","data":{},"startTime":"2023-04-27 22:00:57","endTime":"2023-04-27 22:00:57","timeLength":2}
2023-04-27 22:02:51 [httpLog] {"method":"GET","url":"/newResponse","data":{},"startTime":"2023-04-27 22:02:51","endTime":"2023-04-27 22:02:51","timeLength":7}
2023-04-27 22:17:28 [httpLog] {"method":"GET","url":"/user","data":{},"startTime":"2023-04-27 22:17:28","endTime":"2023-04-27 22:17:28","timeLength":41}
2023-04-27 22:17:31 [httpLog] {"method":"POST","url":"/login","data":{"name":"admin","pwd":"admin"},"startTime":"2023-04-27 22:17:31","endTime":"2023-04-27 22:17:31","timeLength":8}
2023-04-27 22:17:31 [httpLog] {"method":"GET","url":"/user","data":{},"startTime":"2023-04-27 22:17:31","endTime":"2023-04-27 22:17:31","timeLength":11}
2023-04-27 22:17:34 [httpLog] {"method":"POST","url":"/logout","data":{},"startTime":"2023-04-27 22:17:34","endTime":"2023-04-27 22:17:34","timeLength":0}
2023-04-27 22:17:34 [httpLog] {"method":"GET","url":"/user","data":{},"startTime":"2023-04-27 22:17:34","endTime":"2023-04-27 22:17:34","timeLength":4}
2023-04-28 22:53:28 [httpLog] {"method":"GET","url":"/user","data":{},"startTime":"2023-04-28 22:53:28","endTime":"2023-04-28 22:53:28","timeLength":22}
2023-04-28 23:00:20 [httpLog] {"method":"GET","url":"/user/lists","data":{},"startTime":"2023-04-28 23:00:19","endTime":"2023-04-28 23:00:20","timeLength":1519}
2023-04-28 23:04:12 [httpLog] {"method":"GET","url":"/user/lists","data":{},"startTime":"2023-04-28 23:04:12","endTime":"2023-04-28 23:04:12","timeLength":16}
2023-04-28 23:08:33 [httpLog] {"method":"GET","url":"/user/lists","data":{},"startTime":"2023-04-28 23:08:33","endTime":"2023-04-28 23:08:33","timeLength":16}
2023-04-28 23:08:45 [httpLog] {"method":"GET","url":"/user/detail2/1","data":{},"startTime":"2023-04-28 23:08:45","endTime":"2023-04-28 23:08:45","timeLength":7}
2023-04-28 23:09:48 [httpLog] {"method":"GET","url":"/user/detail2/2","data":{},"startTime":"2023-04-28 23:09:48","endTime":"2023-04-28 23:09:48","timeLength":4}
2023-04-28 23:13:42 [httpLog] {"method":"POST","url":"/user/add","data":{"name":"user3","pwd":"123"},"startTime":"2023-04-28 23:13:42","endTime":"2023-04-28 23:13:42","timeLength":11}
2023-04-28 23:14:06 [httpLog] {"method":"GET","url":"/user/lists","data":{},"startTime":"2023-04-28 23:14:06","endTime":"2023-04-28 23:14:06","timeLength":5}
2023-04-28 23:18:15 [httpLog] {"method":"PUT","url":"/user/edit","data":{},"startTime":"2023-04-28 23:18:15","endTime":"2023-04-28 23:18:15","timeLength":5}
2023-04-28 23:18:35 [httpLog] {"method":"PUT","url":"/user/edit","data":{},"startTime":"2023-04-28 23:18:35","endTime":"2023-04-28 23:18:35","timeLength":2}
2023-04-28 23:18:48 [httpLog] {"method":"PUT","url":"/user/edit","data":{},"startTime":"2023-04-28 23:18:48","endTime":"2023-04-28 23:18:48","timeLength":2}
2023-04-28 23:20:47 [httpLog] {"method":"PUT","url":"/user/edit","data":{"id":3,"name":"user3","pwd":"1231231111"},"startTime":"2023-04-28 23:20:47","endTime":"2023-04-28 23:20:47","timeLength":25}
2023-04-28 23:20:55 [httpLog] {"method":"GET","url":"/user/lists","data":{},"startTime":"2023-04-28 23:20:55","endTime":"2023-04-28 23:20:55","timeLength":13}
2023-04-28 23:25:08 [httpLog] {"method":"DELETE","url":"/user/del","data":{"id":2},"startTime":"2023-04-28 23:25:08","endTime":"2023-04-28 23:25:08","timeLength":8}
2023-04-28 23:25:56 [httpLog] {"method":"DELETE","url":"/user/del","data":{"id":2},"startTime":"2023-04-28 23:25:56","endTime":"2023-04-28 23:25:56","timeLength":10}
2023-04-29 00:29:16 [httpLog] {"method":"GET","url":"/user/detail?id=123","data":{},"startTime":"2023-04-29 00:29:16","endTime":"2023-04-29 00:29:16","timeLength":23}
2023-04-29 00:29:22 [httpLog] {"method":"GET","url":"/","data":{},"startTime":"2023-04-29 00:29:22","endTime":"2023-04-29 00:29:22","timeLength":3}
2023-04-29 00:29:28 [httpLog] {"method":"GET","url":"/user","data":{},"startTime":"2023-04-29 00:29:28","endTime":"2023-04-29 00:29:28","timeLength":26}
2023-04-29 00:29:31 [httpLog] {"method":"GET","url":"/user/lists","data":{},"startTime":"2023-04-29 00:29:31","endTime":"2023-04-29 00:29:31","timeLength":9}
2023-05-01 22:38:04 [httpLog] {"method":"DELETE","url":"/api/user/register","data":{"username":"test1","password":1234},"startTime":"2023-05-01 22:38:04","endTime":"2023-05-01 22:38:04","timeLength":1}
2023-05-01 22:38:26 [httpLog] {"method":"DELETE","url":"/api/user/register","data":{"username":"test1","password":"abc"},"startTime":"2023-05-01 22:38:26","endTime":"2023-05-01 22:38:26","timeLength":1}
2023-05-01 22:39:30 [httpLog] {"method":"DELETE","url":"/api/user/register","data":{"username":"test1","password":"abc"},"startTime":"2023-05-01 22:39:30","endTime":"2023-05-01 22:39:30","timeLength":2}
2023-05-01 22:40:00 [httpLog] {"method":"DELETE","url":"/api/user/register","data":{"username":"test1","password":"abc"},"startTime":"2023-05-01 22:40:00","endTime":"2023-05-01 22:40:00","timeLength":1}
2023-05-01 22:40:02 [httpLog] {"method":"DELETE","url":"/api/user/register","data":{"username":"test1","password":"abc"},"startTime":"2023-05-01 22:40:02","endTime":"2023-05-01 22:40:02","timeLength":0}
2023-05-01 22:44:24 [httpLog] {"method":"POST","url":"/api/user/register","data":{"username":"test1","password":"abc"},"startTime":"2023-05-01 22:44:24","endTime":"2023-05-01 22:44:24","timeLength":73}
2023-05-01 22:52:39 [httpLog] {"method":"POST","url":"/api/user/register","data":{"username":"test2","password":"abc"},"startTime":"2023-05-01 22:52:39","endTime":"2023-05-01 22:52:39","timeLength":64}
2023-05-01 22:54:37 [httpLog] {"method":"POST","url":"/api/user/register","data":{"username":"test3","password":"abcd"},"startTime":"2023-05-01 22:54:37","endTime":"2023-05-01 22:54:37","timeLength":41}
2023-05-01 22:55:28 [httpLog] {"method":"POST","url":"/api/user/register","data":{"username":"test4","password":"abcd"},"startTime":"2023-05-01 22:55:28","endTime":"2023-05-01 22:55:28","timeLength":44}
2023-05-01 23:04:53 [httpLog] {"method":"POST","url":"/api/user/login","data":{"username":"test4","password":"abcd"},"startTime":"2023-05-01 23:04:53","endTime":"2023-05-01 23:04:53","timeLength":20}
2023-05-01 23:05:00 [httpLog] {"method":"POST","url":"/api/user/login","data":{"username":"test41","password":"abcd"},"startTime":"2023-05-01 23:05:00","endTime":"2023-05-01 23:05:00","timeLength":8}
2023-05-01 23:32:18 [httpLog] {"method":"POST","url":"/api/user/login","data":{"username":"test1","password":"abcd"},"startTime":"2023-05-01 23:32:18","endTime":"2023-05-01 23:32:18","timeLength":17}
2023-05-01 23:32:27 [httpLog] {"method":"POST","url":"/api/user/login","data":{"username":"test1","password":"abc"},"startTime":"2023-05-01 23:32:27","endTime":"2023-05-01 23:32:27","timeLength":14}
2023-05-01 23:33:01 [httpLog] {"method":"POST","url":"/api/user/login","data":{"username":"test91","password":"abc"},"startTime":"2023-05-01 23:33:01","endTime":"2023-05-01 23:33:01","timeLength":20}
2023-05-01 23:33:06 [httpLog] {"method":"POST","url":"/api/user/login","data":{"username":"test1","password":"abc"},"startTime":"2023-05-01 23:33:06","endTime":"2023-05-01 23:33:06","timeLength":11}
2023-05-01 23:36:21 [httpLog] {"method":"POST","url":"/api/user/register","data":{"username":"admin","password":"abc"},"startTime":"2023-05-01 23:36:21","endTime":"2023-05-01 23:36:21","timeLength":36}
2023-05-01 23:36:29 [httpLog] {"method":"POST","url":"/api/user/login","data":{"username":"admin","password":"abc"},"startTime":"2023-05-01 23:36:29","endTime":"2023-05-01 23:36:29","timeLength":8}
2023-05-01 23:41:28 [httpLog] {"method":"POST","url":"/api/commons/citys","data":{},"startTime":"2023-05-01 23:41:28","endTime":"2023-05-01 23:41:28","timeLength":0}
2023-05-01 23:41:28 [httpLog] {"method":"POST","url":"/api/house/hot","data":{},"startTime":"2023-05-01 23:41:28","endTime":"2023-05-01 23:41:28","timeLength":0}
2023-05-01 23:41:59 [httpLog] {"method":"POST","url":"/api/user/login","data":{"username":"admin","password":"123"},"startTime":"2023-05-01 23:41:59","endTime":"2023-05-01 23:41:59","timeLength":10}
2023-05-01 23:42:04 [httpLog] {"method":"POST","url":"/api/user/login","data":{"username":"admin","password":"1234"},"startTime":"2023-05-01 23:42:04","endTime":"2023-05-01 23:42:04","timeLength":5}
2023-05-01 23:42:11 [httpLog] {"method":"POST","url":"/api/user/login","data":{"username":"admin","password":"abc"},"startTime":"2023-05-01 23:42:11","endTime":"2023-05-01 23:42:11","timeLength":6}
2023-05-01 23:42:47 [httpLog] {"method":"POST","url":"/api/user/login","data":{"username":"admin","password":"abc"},"startTime":"2023-05-01 23:42:47","endTime":"2023-05-01 23:42:47","timeLength":11}
2023-05-01 23:44:41 [httpLog] {"method":"POST","url":"/api/user/register","data":{"username":"admin2","password":"abc","password2":"abc"},"startTime":"2023-05-01 23:44:41","endTime":"2023-05-01 23:44:41","timeLength":17}
2023-05-02 21:36:47 [httpLog] {"method":"POST","url":"/api/commons/citys","data":{},"startTime":"2023-05-02 21:36:47","endTime":"2023-05-02 21:36:47","timeLength":4}
2023-05-02 21:36:47 [httpLog] {"method":"POST","url":"/api/house/hot","data":{},"startTime":"2023-05-02 21:36:47","endTime":"2023-05-02 21:36:47","timeLength":0}
2023-05-02 21:37:05 [httpLog] {"method":"POST","url":"/api/user/login","data":{"username":"admin","password":"123"},"startTime":"2023-05-02 21:37:05","endTime":"2023-05-02 21:37:05","timeLength":56}
2023-05-02 21:37:10 [httpLog] {"method":"POST","url":"/api/user/login","data":{"username":"admin","password":"abc"},"startTime":"2023-05-02 21:37:10","endTime":"2023-05-02 21:37:10","timeLength":20}
2023-05-02 21:37:21 [httpLog] {"method":"POST","url":"/api/user/detail","data":{"id":10},"startTime":"2023-05-02 21:37:21","endTime":"2023-05-02 21:37:21","timeLength":10}
2023-05-02 21:38:24 [httpLog] {"method":"POST","url":"/api/user/detail","data":{"id":10},"startTime":"2023-05-02 21:38:24","endTime":"2023-05-02 21:38:24","timeLength":14}
2023-05-02 21:38:30 [httpLog] {"method":"POST","url":"/api/user/detail","data":{"id":10},"startTime":"2023-05-02 21:38:30","endTime":"2023-05-02 21:38:30","timeLength":7}
2023-05-02 21:38:51 [httpLog] {"method":"POST","url":"/api/user/detail","data":{"id":10},"startTime":"2023-05-02 21:38:51","endTime":"2023-05-02 21:38:51","timeLength":12}
2023-05-02 21:38:57 [httpLog] {"method":"POST","url":"/api/user/detail","data":{"id":10},"startTime":"2023-05-02 21:38:57","endTime":"2023-05-02 21:38:57","timeLength":4}
2023-05-02 21:38:59 [httpLog] {"method":"POST","url":"/api/order/lists","data":{"pageSize":8,"pageNum":1,"type":0},"startTime":"2023-05-02 21:38:59","endTime":"2023-05-02 21:38:59","timeLength":0}
2023-05-02 21:39:01 [httpLog] {"method":"POST","url":"/api/user/detail","data":{"id":10},"startTime":"2023-05-02 21:39:01","endTime":"2023-05-02 21:39:01","timeLength":5}
2023-05-02 21:39:04 [httpLog] {"method":"POST","url":"/api/user/detail","data":{"id":10},"startTime":"2023-05-02 21:39:04","endTime":"2023-05-02 21:39:04","timeLength":7}
2023-05-02 21:39:48 [httpLog] {"method":"POST","url":"/api/user/detail","data":{"id":10},"startTime":"2023-05-02 21:39:48","endTime":"2023-05-02 21:39:48","timeLength":10}
2023-05-02 21:39:57 [httpLog] {"method":"POST","url":"/api/user/detail","data":{"id":10},"startTime":"2023-05-02 21:39:57","endTime":"2023-05-02 21:39:57","timeLength":3}
2023-05-02 21:39:58 [httpLog] {"method":"POST","url":"/api/user/detail","data":{"id":10},"startTime":"2023-05-02 21:39:58","endTime":"2023-05-02 21:39:58","timeLength":4}
2023-05-02 21:40:15 [httpLog] {"method":"POST","url":"/api/user/detail","data":{"id":10},"startTime":"2023-05-02 21:40:15","endTime":"2023-05-02 21:40:15","timeLength":11}
2023-05-02 21:40:23 [httpLog] {"method":"POST","url":"/api/user/detail","data":{"id":10},"startTime":"2023-05-02 21:40:23","endTime":"2023-05-02 21:40:23","timeLength":6}
2023-05-02 21:40:26 [httpLog] {"method":"POST","url":"/api/user/detail","data":{"id":10},"startTime":"2023-05-02 21:40:26","endTime":"2023-05-02 21:40:26","timeLength":5}
2023-05-02 21:40:57 [httpLog] {"method":"POST","url":"/api/user/detail","data":{"id":10},"startTime":"2023-05-02 21:40:57","endTime":"2023-05-02 21:40:57","timeLength":8}
2023-05-02 21:41:35 [httpLog] {"method":"POST","url":"/api/user/detail","data":{"id":10},"startTime":"2023-05-02 21:41:35","endTime":"2023-05-02 21:41:35","timeLength":11}
2023-05-02 21:41:41 [httpLog] {"method":"POST","url":"/api/user/detail","data":{"id":10},"startTime":"2023-05-02 21:41:41","endTime":"2023-05-02 21:41:41","timeLength":4}
2023-05-02 21:42:02 [httpLog] {"method":"POST","url":"/api/user/detail","data":{"id":10},"startTime":"2023-05-02 21:42:02","endTime":"2023-05-02 21:42:02","timeLength":13}
2023-05-02 21:42:04 [httpLog] {"method":"POST","url":"/api/user/detail","data":{"id":10},"startTime":"2023-05-02 21:42:04","endTime":"2023-05-02 21:42:04","timeLength":5}
2023-05-02 21:42:12 [httpLog] {"method":"POST","url":"/api/user/detail","data":{"id":10},"startTime":"2023-05-02 21:42:12","endTime":"2023-05-02 21:42:12","timeLength":9}
2023-05-02 21:42:15 [httpLog] {"method":"POST","url":"/api/user/detail","data":{"id":10},"startTime":"2023-05-02 21:42:15","endTime":"2023-05-02 21:42:15","timeLength":4}
2023-05-02 21:42:18 [httpLog] {"method":"POST","url":"/api/user/detail","data":{"id":10},"startTime":"2023-05-02 21:42:18","endTime":"2023-05-02 21:42:18","timeLength":6}
2023-05-02 21:42:20 [httpLog] {"method":"POST","url":"/api/user/detail","data":{"id":10},"startTime":"2023-05-02 21:42:20","endTime":"2023-05-02 21:42:20","timeLength":18}
2023-05-02 21:42:24 [httpLog] {"method":"POST","url":"/api/user/detail","data":{"id":10},"startTime":"2023-05-02 21:42:24","endTime":"2023-05-02 21:42:24","timeLength":5}
2023-05-02 21:42:28 [httpLog] {"method":"POST","url":"/api/user/detail","data":{"id":10},"startTime":"2023-05-02 21:42:28","endTime":"2023-05-02 21:42:28","timeLength":3}
2023-05-02 21:42:32 [httpLog] {"method":"POST","url":"/api/user/detail","data":{"id":10},"startTime":"2023-05-02 21:42:32","endTime":"2023-05-02 21:42:32","timeLength":7}
2023-05-02 21:42:48 [httpLog] {"method":"POST","url":"/api/user/detail","data":{"id":10},"startTime":"2023-05-02 21:42:48","endTime":"2023-05-02 21:42:48","timeLength":11}
2023-05-02 21:42:51 [httpLog] {"method":"POST","url":"/api/user/detail","data":{"id":10},"startTime":"2023-05-02 21:42:51","endTime":"2023-05-02 21:42:51","timeLength":6}
2023-05-02 21:42:53 [httpLog] {"method":"POST","url":"/api/user/detail","data":{"id":10},"startTime":"2023-05-02 21:42:53","endTime":"2023-05-02 21:42:53","timeLength":5}
2023-05-02 21:43:16 [httpLog] {"method":"POST","url":"/api/user/detail","data":{"id":10},"startTime":"2023-05-02 21:43:16","endTime":"2023-05-02 21:43:16","timeLength":12}
2023-05-02 21:43:19 [httpLog] {"method":"POST","url":"/api/user/detail","data":{"id":10},"startTime":"2023-05-02 21:43:19","endTime":"2023-05-02 21:43:19","timeLength":6}
2023-05-02 21:43:19 [httpLog] {"method":"POST","url":"/api/user/detail","data":{"id":10},"startTime":"2023-05-02 21:43:19","endTime":"2023-05-02 21:43:19","timeLength":4}
2023-05-02 21:43:26 [httpLog] {"method":"POST","url":"/api/user/detail","data":{"id":10},"startTime":"2023-05-02 21:43:26","endTime":"2023-05-02 21:43:26","timeLength":4}
2023-05-02 21:43:27 [httpLog] {"method":"POST","url":"/api/user/detail","data":{"id":10},"startTime":"2023-05-02 21:43:27","endTime":"2023-05-02 21:43:27","timeLength":4}
2023-05-02 21:43:29 [httpLog] {"method":"POST","url":"/api/user/detail","data":{"id":10},"startTime":"2023-05-02 21:43:29","endTime":"2023-05-02 21:43:29","timeLength":6}
2023-05-02 21:43:40 [httpLog] {"method":"POST","url":"/api/user/detail","data":{"id":10},"startTime":"2023-05-02 21:43:40","endTime":"2023-05-02 21:43:40","timeLength":4}
2023-05-02 21:43:49 [httpLog] {"method":"POST","url":"/api/user/detail","data":{"id":10},"startTime":"2023-05-02 21:43:49","endTime":"2023-05-02 21:43:49","timeLength":7}
2023-05-02 21:43:53 [httpLog] {"method":"POST","url":"/api/user/detail","data":{"id":10},"startTime":"2023-05-02 21:43:53","endTime":"2023-05-02 21:43:53","timeLength":6}
2023-05-02 21:43:54 [httpLog] {"method":"POST","url":"/api/user/detail","data":{"id":10},"startTime":"2023-05-02 21:43:54","endTime":"2023-05-02 21:43:54","timeLength":5}
2023-05-02 21:46:38 [httpLog] {"method":"POST","url":"/api/user/detail","data":{"id":10},"startTime":"2023-05-02 21:46:38","endTime":"2023-05-02 21:46:38","timeLength":17}
2023-05-02 21:46:39 [httpLog] {"method":"POST","url":"/api/user/detail","data":{"id":10},"startTime":"2023-05-02 21:46:39","endTime":"2023-05-02 21:46:39","timeLength":9}
2023-05-02 21:46:41 [httpLog] {"method":"POST","url":"/api/user/detail","data":{"id":10},"startTime":"2023-05-02 21:46:41","endTime":"2023-05-02 21:46:41","timeLength":7}
2023-05-02 21:46:49 [httpLog] {"method":"POST","url":"/api/user/detail","data":{"id":10},"startTime":"2023-05-02 21:46:49","endTime":"2023-05-02 21:46:49","timeLength":4}
2023-05-02 21:47:18 [httpLog] {"method":"POST","url":"/api/user/detail","data":{"id":10},"startTime":"2023-05-02 21:47:18","endTime":"2023-05-02 21:47:18","timeLength":9}
2023-05-02 21:47:40 [httpLog] {"method":"POST","url":"/api/user/detail","data":{"id":10},"startTime":"2023-05-02 21:47:40","endTime":"2023-05-02 21:47:40","timeLength":21}
2023-05-02 21:49:23 [httpLog] {"method":"POST","url":"/api/user/logout","data":{},"startTime":"2023-05-02 21:49:23","endTime":"2023-05-02 21:49:23","timeLength":0}
2023-05-02 21:49:30 [httpLog] {"method":"POST","url":"/api/user/login","data":{"username":"admin","password":"abc"},"startTime":"2023-05-02 21:49:30","endTime":"2023-05-02 21:49:30","timeLength":14}
2023-05-02 21:49:30 [httpLog] {"method":"POST","url":"/api/user/detail","data":{"id":10},"startTime":"2023-05-02 21:49:30","endTime":"2023-05-02 21:49:30","timeLength":8}
2023-05-02 21:49:35 [httpLog] {"method":"POST","url":"/api/user/logout","data":{},"startTime":"2023-05-02 21:49:35","endTime":"2023-05-02 21:49:35","timeLength":1}
2023-05-02 22:32:01 [httpLog] {"method":"POST","url":"/api/user/login","data":{"username":"admin","password":"abc"},"startTime":"2023-05-02 22:32:01","endTime":"2023-05-02 22:32:01","timeLength":27}
2023-05-02 22:32:01 [httpLog] {"method":"POST","url":"/api/user/detail","data":{"id":10},"startTime":"2023-05-02 22:32:01","endTime":"2023-05-02 22:32:01","timeLength":16}
2023-05-02 22:43:31 [httpLog] {"method":"POST","url":"/api/user/login","data":{"username":"admin","password":"abc"},"startTime":"2023-05-02 22:43:31","endTime":"2023-05-02 22:43:31","timeLength":23}
2023-05-02 22:43:31 [httpLog] {"method":"POST","url":"/api/user/detail","data":{"id":10},"startTime":"2023-05-02 22:43:31","endTime":"2023-05-02 22:43:31","timeLength":20}
